<?xml version="1.0" encoding="UTF-8"?>
<!-- Generated by org.testng.reporters.JUnitReportReporter -->
<testsuite hostname="DESKTOP-HC6DSE1" failures="0" tests="1" name="VTiger_TestCases.VTiger_test" time="6.624" errors="0" timestamp="27 Jun 2024 11:38:11 GMT" skipped="0">
  <testcase classname="VTiger_TestCases.VTiger_test" name="runTimeParameterTest" time="6.624"/>
</testsuite> <!-- VTiger_TestCases.VTiger_test -->
