<?xml version="1.0" encoding="UTF-8"?>
<!-- Generated by org.testng.reporters.JUnitReportReporter -->
<testsuite hostname="DESKTOP-HC6DSE1" failures="0" tests="1" name="VTiger_TestCases.VTiger_Org_Test" time="15.029" errors="0" timestamp="28 Jun 2024 01:06:25 GMT" skipped="0">
  <testcase classname="VTiger_TestCases.VTiger_Org_Test" name="createOrgTest" time="15.029"/>
</testsuite> <!-- VTiger_TestCases.VTiger_Org_Test -->
